c:\users\r.mathieu\desktop\archi\build\2dfight\obj\win32\debug\lowattack.obj
c:\users\r.mathieu\desktop\archi\build\2dfight\obj\win32\debug\fabriqueentity.obj
c:\users\r.mathieu\desktop\archi\build\2dfight\obj\win32\debug\crouch.obj
c:\users\r.mathieu\desktop\archi\build\2dfight\obj\win32\debug\gamemanager.obj
c:\users\r.mathieu\desktop\archi\build\2dfight\obj\win32\debug\combo.obj
c:\users\r.mathieu\desktop\archi\build\2dfight\obj\win32\debug\quickfight.obj
c:\users\r.mathieu\desktop\archi\build\2dfight\obj\win32\debug\playerstate.obj
c:\users\r.mathieu\desktop\archi\build\2dfight\obj\win32\debug\vector2.obj
c:\users\r.mathieu\desktop\archi\build\2dfight\obj\win32\debug\block.obj
c:\users\r.mathieu\desktop\archi\build\2dfight\obj\win32\debug\upattack.obj
c:\users\r.mathieu\desktop\archi\build\2dfight\obj\win32\debug\attack.obj
c:\users\r.mathieu\desktop\archi\build\2dfight\obj\win32\debug\tournament.obj
c:\users\r.mathieu\desktop\archi\build\2dfight\obj\win32\debug\entity.obj
c:\users\r.mathieu\desktop\archi\build\2dfight\obj\win32\debug\jump.obj
c:\users\r.mathieu\desktop\archi\build\2dfight\obj\win32\debug\fabriqueplayer.obj
c:\users\r.mathieu\desktop\archi\build\2dfight\obj\win32\debug\action.obj
c:\users\r.mathieu\desktop\archi\build\2dfight\obj\win32\debug\adventure.obj
c:\users\r.mathieu\desktop\archi\build\2dfight\obj\win32\debug\gamemode.obj
c:\users\r.mathieu\desktop\archi\build\2dfight\obj\win32\debug\zone.obj
c:\users\r.mathieu\desktop\archi\build\2dfight\obj\win32\debug\player.obj
c:\users\r.mathieu\desktop\archi\build\2dfight\obj\win32\debug\basicattack.obj
c:\users\r.mathieu\desktop\archi\build\2dfight\obj\win32\debug\move.obj
c:\users\r.mathieu\desktop\archi\build\2dfight\obj\win32\debug\vc140.pdb
c:\users\r.mathieu\desktop\archi\bin\2dfight-d.ilk
c:\users\r.mathieu\desktop\archi\bin\2dfight-d.exe
c:\users\r.mathieu\desktop\archi\bin\2dfight-d.pdb
c:\users\r.mathieu\desktop\archi\build\2dfight\obj\win32\debug\vc140.idb
c:\users\r.mathieu\desktop\archi\build\2dfight\..\..\bin\2dfight-d.exe
c:\users\r.mathieu\desktop\archi\build\2dfight\obj\win32\debug\2dfight.tlog\cl.command.1.tlog
c:\users\r.mathieu\desktop\archi\build\2dfight\obj\win32\debug\2dfight.tlog\cl.read.1.tlog
c:\users\r.mathieu\desktop\archi\build\2dfight\obj\win32\debug\2dfight.tlog\cl.write.1.tlog
c:\users\r.mathieu\desktop\archi\build\2dfight\obj\win32\debug\2dfight.tlog\link.command.1.tlog
c:\users\r.mathieu\desktop\archi\build\2dfight\obj\win32\debug\2dfight.tlog\link.read.1.tlog
c:\users\r.mathieu\desktop\archi\build\2dfight\obj\win32\debug\2dfight.tlog\link.write.1.tlog
